#
# A fatal error has been detected by the Java Runtime Environment:
#
#  EXCEPTION_ACCESS_VIOLATION (0xc0000005) at pc=0x000000006c80d232, pid=18212, tid=18596
#
# JRE version: Java(TM) SE Runtime Environment (8.0_91-b15) (build 1.8.0_91-b15)
# Java VM: Java HotSpot(TM) 64-Bit Server VM (25.91-b15 mixed mode windows-amd64 compressed oops)
# Problematic frame:
# C  [R.dll+0x10d232]
#
# Failed to write core dump. Minidumps are not enabled by default on client versions of Windows
#
# If you would like to submit a bug report, please visit:
#   http://bugreport.java.com/bugreport/crash.jsp
# The crash happened outside the Java Virtual Machine in native code.
# See problematic frame for where to report the bug.
#

---------------  T H R E A D  ---------------

Current thread (0x00000000029f4000):  JavaThread "main" [_thread_in_native, id=18596, stack(0x00000000028f0000,0x00000000029f0000)]

siginfo: ExceptionCode=0xc0000005, reading address 0x0000000000000018

Registers:
RAX=0x0000000000000000, RBX=0x0000000000000000, RCX=0x0000000000000000, RDX=0x0000000000000000
RSP=0x00000000029eeaa0, RBP=0x0000000000000020, RSI=0x0000000000000028, RDI=0x0000000000000030
R8 =0x0000000002790018, R9 =0x0000000000000000, R10=0x000000006e44b960, R11=0x0000000000000246
R12=0x0000000000000001, R13=0x000000006e44b800, R14=0x000000006e44b970, R15=0x0000000000000000
RIP=0x000000006c80d232, EFLAGS=0x0000000000010202

Top of Stack: (sp=0x00000000029eeaa0)
0x00000000029eeaa0:   0000000000000013 0000000000000013
0x00000000029eeab0:   0000000000000000 0000000050ed8d17
0x00000000029eeac0:   0000000000000000 0000000000000001
0x00000000029eead0:   0000000000000010 0000000000000001
0x00000000029eeae0:   0000000000000001 0000000000000001
0x00000000029eeaf0:   000000006e44b800 000000006e44b970
0x00000000029eeb00:   0000000000000000 000000006c814527
0x00000000029eeb10:   0000000000000000 00000000029eeb28
0x00000000029eeb20:   000000001bb34cf0 0000000000000012
0x00000000029eeb30:   00000000029f4000 0000000000600000
0x00000000029eeb40:   000000076b4b3720 000000001dd69e10
0x00000000029eeb50:   0000000000000000 0000000000000000
0x00000000029eeb60:   cafebabecafebabe cafebabecafebabe
0x00000000029eeb70:   00000000029eec00 00000000029f41f8
0x00000000029eeb80:   00000000029eed18 0000000002af80e0
0x00000000029eeb90:   000000001dd69e10 0000000000000000 

Instructions: (pc=0x000000006c80d232)
0x000000006c80d212:   4a 10 83 40 04 01 85 f6 49 89 9a 58 01 00 00 74
0x000000006c80d222:   50 8b 0d 37 f1 c3 01 31 c0 c1 e5 05 66 90 89 cb
0x000000006c80d232:   49 8b 51 18 83 c0 01 41 83 82 50 01 00 00 01 c1
0x000000006c80d242:   eb 18 4d 89 48 10 4d 89 41 18 41 89 d9 41 83 e1 


Register to memory mapping:

RAX=0x0000000000000000 is an unknown value
RBX=0x0000000000000000 is an unknown value
RCX=0x0000000000000000 is an unknown value
RDX=0x0000000000000000 is an unknown value
RSP=0x00000000029eeaa0 is pointing into the stack for thread: 0x00000000029f4000
RBP=0x0000000000000020 is an unknown value
RSI=0x0000000000000028 is an unknown value
RDI=0x0000000000000030 is an unknown value
R8 =0x0000000002790018 is an unknown value
R9 =0x0000000000000000 is an unknown value
R10=0x000000006e44b960 is an unknown value
R11=0x0000000000000246 is an unknown value
R12=0x0000000000000001 is an unknown value
R13=0x000000006e44b800 is an unknown value
R14=0x000000006e44b970 is an unknown value
R15=0x0000000000000000 is an unknown value


Stack: [0x00000000028f0000,0x00000000029f0000],  sp=0x00000000029eeaa0,  free space=1018k
Native frames: (J=compiled Java code, j=interpreted, Vv=VM code, C=native code)
C  [R.dll+0x10d232]
C  [R.dll+0x114527]
C  [jri.dll+0x2646]
C  [jri.dll+0x15f1]
C  0x0000000002b08a57

Java frames: (J=compiled Java code, j=interpreted, Vv=VM code)
j  org.rosuda.JRI.Rengine.rniParse(Ljava/lang/String;I)J+0
j  org.rosuda.JRI.Rengine.eval(Ljava/lang/String;Z)Lorg/rosuda/JRI/REXP;+53
j  org.rosuda.JRI.Rengine.eval(Ljava/lang/String;)Lorg/rosuda/JRI/REXP;+3
j  com.RLayer.Temp.main([Ljava/lang/String;)V+31
v  ~StubRoutines::call_stub
j  sun.reflect.NativeMethodAccessorImpl.invoke0(Ljava/lang/reflect/Method;Ljava/lang/Object;[Ljava/lang/Object;)Ljava/lang/Object;+0
j  sun.reflect.NativeMethodAccessorImpl.invoke(Ljava/lang/Object;[Ljava/lang/Object;)Ljava/lang/Object;+100
j  sun.reflect.DelegatingMethodAccessorImpl.invoke(Ljava/lang/Object;[Ljava/lang/Object;)Ljava/lang/Object;+6
j  java.lang.reflect.Method.invoke(Ljava/lang/Object;[Ljava/lang/Object;)Ljava/lang/Object;+56
j  com.intellij.rt.execution.application.AppMain.main([Ljava/lang/String;)V+180
v  ~StubRoutines::call_stub

---------------  P R O C E S S  ---------------

Java Threads: ( => current thread )
  0x000000001dd59000 JavaThread "Monitor Ctrl-Break" daemon [_thread_in_native, id=2120, stack(0x000000001e060000,0x000000001e160000)]
  0x000000001da9a800 JavaThread "Service Thread" daemon [_thread_blocked, id=19092, stack(0x000000001de60000,0x000000001df60000)]
  0x000000001c0db000 JavaThread "C1 CompilerThread2" daemon [_thread_blocked, id=13752, stack(0x000000001d960000,0x000000001da60000)]
  0x000000001c0d4000 JavaThread "C2 CompilerThread1" daemon [_thread_blocked, id=14152, stack(0x000000001d860000,0x000000001d960000)]
  0x000000001c0d2000 JavaThread "C2 CompilerThread0" daemon [_thread_blocked, id=11464, stack(0x000000001d760000,0x000000001d860000)]
  0x000000001c0d0800 JavaThread "Attach Listener" daemon [_thread_blocked, id=19780, stack(0x000000001d660000,0x000000001d760000)]
  0x000000001c0cf800 JavaThread "Signal Dispatcher" daemon [_thread_blocked, id=18084, stack(0x000000001d560000,0x000000001d660000)]
  0x0000000002aee800 JavaThread "Finalizer" daemon [_thread_blocked, id=19292, stack(0x000000001d370000,0x000000001d470000)]
  0x0000000002ae4800 JavaThread "Reference Handler" daemon [_thread_blocked, id=1532, stack(0x000000001d270000,0x000000001d370000)]
=>0x00000000029f4000 JavaThread "main" [_thread_in_native, id=18596, stack(0x00000000028f0000,0x00000000029f0000)]

Other Threads:
  0x000000001c097000 VMThread [stack: 0x000000001d170000,0x000000001d270000] [id=11268]
  0x000000001dabc800 WatcherThread [stack: 0x000000001df60000,0x000000001e060000] [id=18524]

VM state:not at safepoint (normal execution)

VM Mutex/Monitor currently owned by a thread: None

Heap:
 PSYoungGen      total 76288K, used 3932K [0x000000076b380000, 0x0000000770880000, 0x00000007c0000000)
  eden space 65536K, 6% used [0x000000076b380000,0x000000076b7570e0,0x000000076f380000)
  from space 10752K, 0% used [0x000000076fe00000,0x000000076fe00000,0x0000000770880000)
  to   space 10752K, 0% used [0x000000076f380000,0x000000076f380000,0x000000076fe00000)
 ParOldGen       total 175104K, used 0K [0x00000006c1a00000, 0x00000006cc500000, 0x000000076b380000)
  object space 175104K, 0% used [0x00000006c1a00000,0x00000006c1a00000,0x00000006cc500000)
 Metaspace       used 3179K, capacity 4564K, committed 4864K, reserved 1056768K
  class space    used 348K, capacity 388K, committed 512K, reserved 1048576K

Card table byte_map: [0x0000000011eb0000,0x00000000126b0000] byte_map_base: 0x000000000e8a3000

Marking Bits: (ParMarkBitMap*) 0x0000000077592f70
 Begin Bits: [0x0000000013000000, 0x0000000016f98000)
 End Bits:   [0x0000000016f98000, 0x000000001af30000)

Polling page: 0x0000000000f70000

CodeCache: size=245760Kb used=1248Kb max_used=1248Kb free=244511Kb
 bounds [0x0000000002af0000, 0x0000000002d60000, 0x0000000011af0000]
 total_blobs=338 nmethods=91 adapters=160
 compilation: enabled

Compilation events (10 events):
Event: 0.158 Thread 0x000000001c0db000 nmethod 83 0x0000000002c1e310 code [0x0000000002c1e4e0, 0x0000000002c1ee88]
Event: 0.158 Thread 0x000000001c0db000   85       3       java.util.HashMap::putVal (300 bytes)
Event: 0.159 Thread 0x000000001c0db000 nmethod 85 0x0000000002c1f150 code [0x0000000002c1f3c0, 0x0000000002c206b8]
Event: 0.159 Thread 0x000000001c0db000   84       3       java.util.HashMap::put (13 bytes)
Event: 0.159 Thread 0x000000001c0db000 nmethod 84 0x0000000002c20d90 code [0x0000000002c20f20, 0x0000000002c212d8]
Event: 0.159 Thread 0x000000001c0db000   86       1       java.util.zip.ZipFile::access$000 (5 bytes)
Event: 0.159 Thread 0x000000001c0db000 nmethod 86 0x0000000002c21410 code [0x0000000002c21560, 0x0000000002c21650]
Event: 0.159 Thread 0x000000001c0db000   87       1       java.lang.ref.Reference::get (5 bytes)
Event: 0.159 Thread 0x000000001c0db000 nmethod 87 0x0000000002c216d0 code [0x0000000002c21820, 0x0000000002c21930]
Event: 0.168 Thread 0x000000001c0db000   89  s!   3       sun.misc.URLClassPath::getLoader (197 bytes)

GC Heap History (0 events):
No events

Deoptimization events (1 events):
Event: 0.150 Thread 0x00000000029f4000 Uncommon trap: reason=unstable_if action=reinterpret pc=0x0000000002c12108 method=java.lang.String.hashCode()I @ 14

Internal exceptions (2 events):
Event: 0.037 Thread 0x00000000029f4000 Exception <a 'java/lang/NoSuchMethodError': Method sun.misc.Unsafe.defineClass(Ljava/lang/String;[BII)Ljava/lang/Class; name or signature does not match> (0x000000076b387cc0) thrown at [C:\re\workspace\8-2-build-windows-amd64-cygwin\jdk8u91\7017\hotspot\srpí7Á¢?
Event: 0.037 Thread 0x00000000029f4000 Exception <a 'java/lang/NoSuchMethodError': Method sun.misc.Unsafe.prefetchRead(Ljava/lang/Object;J)V name or signature does not match> (0x000000076b387fa8) thrown at [C:\re\workspace\8-2-build-windows-amd64-cygwin\jdk8u91\7017\hotspot\src\share\vm\prims\j

Events (10 events):
Event: 0.168 loading class java/net/InetAddressImpl done
Event: 0.168 loading class java/net/Inet6AddressImpl done
Event: 0.168 loading class java/net/InetAddress$2
Event: 0.168 loading class sun/net/spi/nameservice/NameService
Event: 0.168 loading class sun/net/spi/nameservice/NameService done
Event: 0.168 loading class java/net/InetAddress$2 done
Event: 0.168 loading class java/net/Inet4AddressImpl
Event: 0.168 loading class java/net/Inet4AddressImpl done
Event: 0.169 loading class java/net/Inet4Address
Event: 0.169 loading class java/net/Inet4Address done


Dynamic libraries:
0x00007ff6e7c50000 - 0x00007ff6e7c87000 	C:\Program Files\Java\jdk1.8.0_91\bin\java.exe
0x00007ffaf0ed0000 - 0x00007ffaf10a1000 	C:\WINDOWS\SYSTEM32\ntdll.dll
0x00007ffaeeec0000 - 0x00007ffaeef6b000 	C:\WINDOWS\System32\KERNEL32.DLL
0x00007ffaeddc0000 - 0x00007ffaedfdd000 	C:\WINDOWS\System32\KERNELBASE.dll
0x00007ffaf0820000 - 0x00007ffaf08c2000 	C:\WINDOWS\System32\ADVAPI32.dll
0x00007ffaeebb0000 - 0x00007ffaeec4e000 	C:\WINDOWS\System32\msvcrt.dll
0x00007ffaf0b30000 - 0x00007ffaf0b89000 	C:\WINDOWS\System32\sechost.dll
0x00007ffaf09a0000 - 0x00007ffaf0ac1000 	C:\WINDOWS\System32\RPCRT4.dll
0x00007ffaee460000 - 0x00007ffaee5c5000 	C:\WINDOWS\System32\USER32.dll
0x00007ffaedfe0000 - 0x00007ffaedffe000 	C:\WINDOWS\System32\win32u.dll
0x00007ffaeeb60000 - 0x00007ffaeeb94000 	C:\WINDOWS\System32\GDI32.dll
0x00007ffaee000000 - 0x00007ffaee182000 	C:\WINDOWS\System32\gdi32full.dll
0x00007ffae6d40000 - 0x00007ffae6fba000 	C:\WINDOWS\WinSxS\amd64_microsoft.windows.common-controls_6595b64144ccf1df_6.0.14393.953_none_42151e83c686086b\COMCTL32.dll
0x00007ffaeef70000 - 0x00007ffaef238000 	C:\WINDOWS\System32\combase.dll
0x00007ffaee190000 - 0x00007ffaee285000 	C:\WINDOWS\System32\ucrtbase.dll
0x00007ffaee3a0000 - 0x00007ffaee40a000 	C:\WINDOWS\System32\bcryptPrimitives.dll
0x00007ffaeee90000 - 0x00007ffaeeebe000 	C:\WINDOWS\System32\IMM32.DLL
0x0000000050e70000 - 0x0000000050f42000 	C:\Program Files\Java\jdk1.8.0_91\jre\bin\msvcr100.dll
0x0000000076d80000 - 0x0000000077613000 	C:\Program Files\Java\jdk1.8.0_91\jre\bin\server\jvm.dll
0x00007ffaeec50000 - 0x00007ffaeec58000 	C:\WINDOWS\System32\PSAPI.DLL
0x00007ffadc390000 - 0x00007ffadc399000 	C:\WINDOWS\SYSTEM32\WSOCK32.dll
0x00007ffaeb470000 - 0x00007ffaeb493000 	C:\WINDOWS\SYSTEM32\WINMM.dll
0x00007ffae1e40000 - 0x00007ffae1e4a000 	C:\WINDOWS\SYSTEM32\VERSION.dll
0x00007ffaf0930000 - 0x00007ffaf099a000 	C:\WINDOWS\System32\WS2_32.dll
0x00007ffaeb410000 - 0x00007ffaeb43b000 	C:\WINDOWS\SYSTEM32\WINMMBASE.dll
0x00007ffaee410000 - 0x00007ffaee452000 	C:\WINDOWS\System32\cfgmgr32.dll
0x0000000051450000 - 0x000000005145f000 	C:\Program Files\Java\jdk1.8.0_91\jre\bin\verify.dll
0x0000000051420000 - 0x0000000051449000 	C:\Program Files\Java\jdk1.8.0_91\jre\bin\java.dll
0x0000000051400000 - 0x0000000051416000 	C:\Program Files\Java\jdk1.8.0_91\jre\bin\zip.dll
0x00007ffaef2b0000 - 0x00007ffaf07b8000 	C:\WINDOWS\System32\SHELL32.dll
0x00007ffaed3c0000 - 0x00007ffaeda9a000 	C:\WINDOWS\System32\windows.storage.dll
0x00007ffaed360000 - 0x00007ffaed3ac000 	C:\WINDOWS\System32\powrprof.dll
0x00007ffaf07c0000 - 0x00007ffaf0812000 	C:\WINDOWS\System32\shlwapi.dll
0x00007ffaed3b0000 - 0x00007ffaed3bf000 	C:\WINDOWS\System32\kernel.appcore.dll
0x00007ffaedaa0000 - 0x00007ffaedb49000 	C:\WINDOWS\System32\shcore.dll
0x00007ffaed330000 - 0x00007ffaed344000 	C:\WINDOWS\System32\profapi.dll
0x00007ffae4890000 - 0x00007ffae48a0000 	C:\Program Files (x86)\JetBrains\IntelliJ IDEA 2016.1.1\bin\breakgen64.dll
0x00000000513e0000 - 0x00000000513fa000 	C:\Program Files\Java\jdk1.8.0_91\jre\bin\net.dll
0x00007ffaecc00000 - 0x00007ffaecc5c000 	C:\WINDOWS\system32\mswsock.dll
0x0000000062d80000 - 0x0000000062d97000 	C:\Program Files\R\R-3.3.3\library\rJava\jri\x64\jri.dll
0x000000006c700000 - 0x000000006e584000 	C:\Program Files\R\R-3.3.3\bin\x64\R.dll
0x0000000064e80000 - 0x0000000064ed3000 	C:\Program Files\R\R-3.3.3\bin\x64\Rblas.dll
0x0000000063540000 - 0x00000000635a1000 	C:\Program Files\R\R-3.3.3\bin\x64\Rgraphapp.dll
0x00000000641c0000 - 0x00000000641d6000 	C:\Program Files\R\R-3.3.3\bin\x64\Riconv.dll
0x00007ffaf0d30000 - 0x00007ffaf0e2a000 	C:\WINDOWS\System32\comdlg32.dll
0x00007ffae7770000 - 0x00007ffae7777000 	C:\WINDOWS\SYSTEM32\MSIMG32.dll
0x00007ffae9430000 - 0x00007ffae95c2000 	C:\WINDOWS\SYSTEM32\dbghelp.dll

VM Arguments:
jvm_args: -Didea.launcher.port=7536 -Didea.launcher.bin.path=C:\Program Files (x86)\JetBrains\IntelliJ IDEA 2016.1.1\bin -Dfile.encoding=UTF-8 
java_command: com.intellij.rt.execution.application.AppMain com.RLayer.Temp
java_class_path (initial): C:\Program Files\Java\jdk1.8.0_91\jre\lib\charsets.jar;C:\Program Files\Java\jdk1.8.0_91\jre\lib\deploy.jar;C:\Program Files\Java\jdk1.8.0_91\jre\lib\ext\access-bridge-64.jar;C:\Program Files\Java\jdk1.8.0_91\jre\lib\ext\cldrdata.jar;C:\Program Files\Java\jdk1.8.0_91\jre\lib\ext\dnsns.jar;C:\Program Files\Java\jdk1.8.0_91\jre\lib\ext\jaccess.jar;C:\Program Files\Java\jdk1.8.0_91\jre\lib\ext\jfxrt.jar;C:\Program Files\Java\jdk1.8.0_91\jre\lib\ext\localedata.jar;C:\Program Files\Java\jdk1.8.0_91\jre\lib\ext\nashorn.jar;C:\Program Files\Java\jdk1.8.0_91\jre\lib\ext\sunec.jar;C:\Program Files\Java\jdk1.8.0_91\jre\lib\ext\sunjce_provider.jar;C:\Program Files\Java\jdk1.8.0_91\jre\lib\ext\sunmscapi.jar;C:\Program Files\Java\jdk1.8.0_91\jre\lib\ext\sunpkcs11.jar;C:\Program Files\Java\jdk1.8.0_91\jre\lib\ext\zipfs.jar;C:\Program Files\Java\jdk1.8.0_91\jre\lib\javaws.jar;C:\Program Files\Java\jdk1.8.0_91\jre\lib\jce.jar;C:\Program Files\Java\jdk1.8.0_91\jre\lib\jfr.jar;C:\Program Files\Java\jdk1.8.0_91\jre\lib\jfxswt.jar;C:\Program Files\Java\jdk1.8.0_91\jre\lib\jsse.jar;C:\Program Files\Java\jdk1.8.0_91\jre\lib\management-agent.jar;C:\Program Files\Java\jdk1.8.0_91\jre\lib\plugin.jar;C:\Program Files\Java\jdk1.8.0_91\jre\lib\resources.jar;C:\Program Files\Java\jdk1.8.0_91\jre\lib\rt.jar;V:\MS\Thesis\Thesis Work Experiments\OwnExtension\target\classes;C:\Users\marne\.m2\repository\org\apache\jena\jena-arq\3.2.0\jena-arq-3.2.0.jar;C:\Users\marne\.m2\repository\org\apache\jena\jena-shaded-guava\3.2.0\jena-shaded-guava-3.2.0.jar;C:\Users\marne\.m2\repository\org\apache\httpcomponents\httpclient\4.5.2\httpclient-4.5.2.jar;C:\Users\marne\.m2\repository\org\apache\httpcomponents\httpcore\4.4.4\httpcore-4.4.4.jar;C:\Users\marne\.m2\repository\commons-codec\commons-codec\1.9\commons-codec-1.9.jar;C:\Users\marne\.m2\repository\com\github\jsonld-java\jsonld-java\0.9.0\jsonld-java-0.9.0.jar;C:\Users\marne\.m2\repository\com\fasterxml\jackson\core\jackson-cor
Launcher Type: SUN_STANDARD

Environment Variables:
JAVA_HOME=C:\Program Files\Java\jre1.8.0_91
CLASSPATH=C:\Program Files\Java\jdk1.8.0_91\bin;C:\Program Files\Java\jre1.8.0_91\bin;.
USERNAME=marne
OS=Windows_NT
PROCESSOR_IDENTIFIER=Intel64 Family 6 Model 78 Stepping 3, GenuineIntel



---------------  S Y S T E M  ---------------

OS: Windows 10.0 , 64 bit Build 14393 (10.0.14393.0)

CPU:total 4 (2 cores per cpu, 2 threads per core) family 6 model 78 stepping 3, cmov, cx8, fxsr, mmx, sse, sse2, sse3, ssse3, sse4.1, sse4.2, popcnt, avx, avx2, aes, clmul, erms, 3dnowpref, lzcnt, ht, tsc, tscinvbit, bmi1, bmi2, adx

Memory: 4k page, physical 16668628k(9532616k free), swap 19158996k(9935876k free)

vm_info: Java HotSpot(TM) 64-Bit Server VM (25.91-b15) for windows-amd64 JRE (1.8.0_91-b15), built on May 20 2016 17:43:15 by "java_re" with MS VC++ 10.0 (VS2010)

time: Mon Apr 17 07:38:39 2017
elapsed time: 0 seconds (0d 0h 0m 0s)

