#
# A fatal error has been detected by the Java Runtime Environment:
#
#  EXCEPTION_ACCESS_VIOLATION (0xc0000005) at pc=0x000000006c80d232, pid=6084, tid=11080
#
# JRE version: Java(TM) SE Runtime Environment (8.0_91-b15) (build 1.8.0_91-b15)
# Java VM: Java HotSpot(TM) 64-Bit Server VM (25.91-b15 mixed mode windows-amd64 compressed oops)
# Problematic frame:
# C  [R.dll+0x10d232]
#
# Failed to write core dump. Minidumps are not enabled by default on client versions of Windows
#
# If you would like to submit a bug report, please visit:
#   http://bugreport.java.com/bugreport/crash.jsp
# The crash happened outside the Java Virtual Machine in native code.
# See problematic frame for where to report the bug.
#

---------------  T H R E A D  ---------------

Current thread (0x00000000028a4000):  JavaThread "main" [_thread_in_native, id=11080, stack(0x00000000027a0000,0x00000000028a0000)]

siginfo: ExceptionCode=0xc0000005, reading address 0x0000000000000018

Registers:
RAX=0x0000000000000000, RBX=0x0000000000000000, RCX=0x0000000000000000, RDX=0x0000000000000000
RSP=0x000000000289db20, RBP=0x0000000000000020, RSI=0x0000000000000028, RDI=0x0000000000000030
R8 =0x000000001df60018, R9 =0x0000000000000000, R10=0x000000006e44b960, R11=0x0000000000000246
R12=0x0000000000000001, R13=0x000000006e44b800, R14=0x000000006e44b970, R15=0x0000000000000000
RIP=0x000000006c80d232, EFLAGS=0x0000000000010202

Top of Stack: (sp=0x000000000289db20)
0x000000000289db20:   0000000000000013 0000000000000013
0x000000000289db30:   0000000000000000 0000000050ed8d17
0x000000000289db40:   0000000000000000 0000000000000001
0x000000000289db50:   0000000000000010 0000000000000001
0x000000000289db60:   0000000000000001 0000000000000001
0x000000000289db70:   000000006e44b800 000000006e44b970
0x000000000289db80:   0000000000000000 000000006c814527
0x000000000289db90:   0000000000000000 000000000289dba8
0x000000000289dba0:   00000000202a16d8 0000000000000012
0x000000000289dbb0:   00000000028a4000 0000000000600000
0x000000000289dbc0:   000000076b6978b0 000000001e72bee0
0x000000000289dbd0:   0000000000000000 0000000000000000
0x000000000289dbe0:   00000000edeefb02 0000000000000000
0x000000000289dbf0:   000000000289dc00 00000000028a41f8
0x000000000289dc00:   000000000289dd90 0000000000000005
0x000000000289dc10:   000000001e72bee0 0000000000000000 

Instructions: (pc=0x000000006c80d232)
0x000000006c80d212:   4a 10 83 40 04 01 85 f6 49 89 9a 58 01 00 00 74
0x000000006c80d222:   50 8b 0d 37 f1 c3 01 31 c0 c1 e5 05 66 90 89 cb
0x000000006c80d232:   49 8b 51 18 83 c0 01 41 83 82 50 01 00 00 01 c1
0x000000006c80d242:   eb 18 4d 89 48 10 4d 89 41 18 41 89 d9 41 83 e1 


Register to memory mapping:

RAX=0x0000000000000000 is an unknown value
RBX=0x0000000000000000 is an unknown value
RCX=0x0000000000000000 is an unknown value
RDX=0x0000000000000000 is an unknown value
RSP=0x000000000289db20 is pointing into the stack for thread: 0x00000000028a4000
RBP=0x0000000000000020 is an unknown value
RSI=0x0000000000000028 is an unknown value
RDI=0x0000000000000030 is an unknown value
R8 =0x000000001df60018 is an unknown value
R9 =0x0000000000000000 is an unknown value
R10=0x000000006e44b960 is an unknown value
R11=0x0000000000000246 is an unknown value
R12=0x0000000000000001 is an unknown value
R13=0x000000006e44b800 is an unknown value
R14=0x000000006e44b970 is an unknown value
R15=0x0000000000000000 is an unknown value


Stack: [0x00000000027a0000,0x00000000028a0000],  sp=0x000000000289db20,  free space=1014k
Native frames: (J=compiled Java code, j=interpreted, Vv=VM code, C=native code)
C  [R.dll+0x10d232]
C  [R.dll+0x114527]
C  [jri.dll+0x2646]
C  [jri.dll+0x15f1]
C  0x00000000029b8a57

Java frames: (J=compiled Java code, j=interpreted, Vv=VM code)
j  org.rosuda.JRI.Rengine.rniParse(Ljava/lang/String;I)J+0
j  org.rosuda.JRI.Rengine.eval(Ljava/lang/String;Z)Lorg/rosuda/JRI/REXP;+53
j  org.rosuda.JRI.Rengine.eval(Ljava/lang/String;)Lorg/rosuda/JRI/REXP;+3
j  com.RLayer.Temp.getMean()Ljava/lang/Double;+42
j  com.extension.LastModified.exec(Lorg/apache/jena/sparql/expr/NodeValue;)Lorg/apache/jena/sparql/expr/NodeValue;+34
j  org.apache.jena.sparql.function.FunctionBase1.exec(Ljava/util/List;)Lorg/apache/jena/sparql/expr/NodeValue;+69
j  org.apache.jena.sparql.function.FunctionBase.exec(Lorg/apache/jena/sparql/engine/binding/Binding;Lorg/apache/jena/sparql/expr/ExprList;Ljava/lang/String;Lorg/apache/jena/sparql/function/FunctionEnv;)Lorg/apache/jena/sparql/expr/NodeValue;+79
j  org.apache.jena.sparql.expr.E_Function.evalSpecial(Lorg/apache/jena/sparql/engine/binding/Binding;Lorg/apache/jena/sparql/function/FunctionEnv;)Lorg/apache/jena/sparql/expr/NodeValue;+73
j  org.apache.jena.sparql.expr.ExprFunctionN.eval(Lorg/apache/jena/sparql/engine/binding/Binding;Lorg/apache/jena/sparql/function/FunctionEnv;)Lorg/apache/jena/sparql/expr/NodeValue;+3
j  org.apache.jena.sparql.core.VarExprList.get(Lorg/apache/jena/sparql/core/Var;Lorg/apache/jena/sparql/engine/binding/Binding;Lorg/apache/jena/sparql/function/FunctionEnv;)Lorg/apache/jena/graph/Node;+30
j  org.apache.jena.sparql.engine.iterator.QueryIterAssign.accept(Lorg/apache/jena/sparql/engine/binding/Binding;)Lorg/apache/jena/sparql/engine/binding/Binding;+49
j  org.apache.jena.sparql.engine.iterator.QueryIterProcessBinding.hasNextBinding()Z+79
j  org.apache.jena.sparql.engine.iterator.QueryIteratorBase.hasNext()Z+36
j  org.apache.jena.sparql.engine.iterator.QueryIterConvert.hasNextBinding()Z+4
j  org.apache.jena.sparql.engine.iterator.QueryIteratorBase.hasNext()Z+36
j  org.apache.jena.sparql.engine.iterator.QueryIterSlice.hasNextBinding()Z+13
j  org.apache.jena.sparql.engine.iterator.QueryIteratorBase.hasNext()Z+36
j  org.apache.jena.sparql.engine.iterator.QueryIteratorWrapper.hasNextBinding()Z+4
j  org.apache.jena.sparql.engine.iterator.QueryIteratorBase.hasNext()Z+36
j  org.apache.jena.sparql.engine.iterator.QueryIteratorWrapper.hasNextBinding()Z+4
j  org.apache.jena.sparql.engine.iterator.QueryIteratorBase.hasNext()Z+36
j  org.apache.jena.sparql.engine.ResultSetStream.hasNext()Z+13
j  org.apache.jena.sparql.engine.ResultSetCheckCondition.hasNext()Z+8
j  org.apache.jena.sparql.resultset.ResultSetMem.<init>(Lorg/apache/jena/query/ResultSet;)V+87
j  org.apache.jena.query.ResultSetFactory.makeRewindable(Lorg/apache/jena/query/ResultSet;)Lorg/apache/jena/query/ResultSetRewindable;+25
j  org.apache.jena.sparql.resultset.TextOutput.write(Ljava/io/PrintWriter;Lorg/apache/jena/query/ResultSet;Ljava/lang/String;Ljava/lang/String;Ljava/lang/String;)V+21
j  org.apache.jena.sparql.resultset.TextOutput.write(Ljava/io/OutputStream;Lorg/apache/jena/query/ResultSet;Ljava/lang/String;Ljava/lang/String;Ljava/lang/String;)V+15
j  org.apache.jena.sparql.resultset.TextOutput.write(Ljava/io/OutputStream;Lorg/apache/jena/query/ResultSet;)V+9
j  org.apache.jena.sparql.resultset.TextOutput.format(Ljava/io/OutputStream;Lorg/apache/jena/query/ResultSet;)V+3
j  org.apache.jena.query.ResultSetFormatter.out(Ljava/io/OutputStream;Lorg/apache/jena/query/ResultSet;Lorg/apache/jena/shared/PrefixMapping;)V+12
j  org.apache.jena.query.ResultSetFormatter.out(Ljava/io/OutputStream;Lorg/apache/jena/query/ResultSet;)V+6
j  org.apache.jena.query.ResultSetFormatter.out(Lorg/apache/jena/query/ResultSet;)V+4
j  com.JenaModel.LastModifiedJena.queryResults(Lorg/apache/jena/rdf/model/Model;Lorg/apache/jena/query/Dataset;)V+28
j  com.JenaModel.LastModifiedJena.main([Ljava/lang/String;)V+57
v  ~StubRoutines::call_stub
j  sun.reflect.NativeMethodAccessorImpl.invoke0(Ljava/lang/reflect/Method;Ljava/lang/Object;[Ljava/lang/Object;)Ljava/lang/Object;+0
j  sun.reflect.NativeMethodAccessorImpl.invoke(Ljava/lang/Object;[Ljava/lang/Object;)Ljava/lang/Object;+100
j  sun.reflect.DelegatingMethodAccessorImpl.invoke(Ljava/lang/Object;[Ljava/lang/Object;)Ljava/lang/Object;+6
j  java.lang.reflect.Method.invoke(Ljava/lang/Object;[Ljava/lang/Object;)Ljava/lang/Object;+56
j  com.intellij.rt.execution.application.AppMain.main([Ljava/lang/String;)V+180
v  ~StubRoutines::call_stub

---------------  P R O C E S S  ---------------

Java Threads: ( => current thread )
  0x000000001f743800 JavaThread "Thread-1" [_thread_blocked, id=12404, stack(0x00000000203c0000,0x00000000204c0000)]
  0x000000001dbfc800 JavaThread "Monitor Ctrl-Break" daemon [_thread_in_native, id=20060, stack(0x000000001dfb0000,0x000000001e0b0000)]
  0x000000001d970000 JavaThread "Service Thread" daemon [_thread_blocked, id=20016, stack(0x000000001dd30000,0x000000001de30000)]
  0x000000001bfe0800 JavaThread "C1 CompilerThread2" daemon [_thread_blocked, id=20100, stack(0x000000001d830000,0x000000001d930000)]
  0x000000001bfd2800 JavaThread "C2 CompilerThread1" daemon [_thread_blocked, id=14888, stack(0x000000001d730000,0x000000001d830000)]
  0x000000001bfd0800 JavaThread "C2 CompilerThread0" daemon [_thread_blocked, id=20088, stack(0x000000001d630000,0x000000001d730000)]
  0x000000001bfce800 JavaThread "Attach Listener" daemon [_thread_blocked, id=15132, stack(0x000000001d530000,0x000000001d630000)]
  0x000000001bfcc000 JavaThread "Signal Dispatcher" daemon [_thread_blocked, id=20000, stack(0x000000001d430000,0x000000001d530000)]
  0x000000000299d000 JavaThread "Finalizer" daemon [_thread_blocked, id=16864, stack(0x000000001d230000,0x000000001d330000)]
  0x0000000002992000 JavaThread "Reference Handler" daemon [_thread_blocked, id=13092, stack(0x000000001d130000,0x000000001d230000)]
=>0x00000000028a4000 JavaThread "main" [_thread_in_native, id=11080, stack(0x00000000027a0000,0x00000000028a0000)]

Other Threads:
  0x000000001bf98000 VMThread [stack: 0x000000001d030000,0x000000001d130000] [id=20020]
  0x000000001d989000 WatcherThread [stack: 0x000000001de30000,0x000000001df30000] [id=19908]

VM state:not at safepoint (normal execution)

VM Mutex/Monitor currently owned by a thread: None

Heap:
 PSYoungGen      total 76288K, used 15342K [0x000000076b380000, 0x0000000774880000, 0x00000007c0000000)
  eden space 65536K, 7% used [0x000000076b380000,0x000000076b7fee80,0x000000076f380000)
  from space 10752K, 99% used [0x000000076fe00000,0x000000077087cb68,0x0000000770880000)
  to   space 10752K, 0% used [0x000000076f380000,0x000000076f380000,0x000000076fe00000)
 ParOldGen       total 175104K, used 4232K [0x00000006c1a00000, 0x00000006cc500000, 0x000000076b380000)
  object space 175104K, 2% used [0x00000006c1a00000,0x00000006c1e221e8,0x00000006cc500000)
 Metaspace       used 17254K, capacity 17482K, committed 17792K, reserved 1064960K
  class space    used 2242K, capacity 2311K, committed 2432K, reserved 1048576K

Card table byte_map: [0x0000000011d60000,0x0000000012560000] byte_map_base: 0x000000000e753000

Marking Bits: (ParMarkBitMap*) 0x0000000077592f70
 Begin Bits: [0x0000000012eb0000, 0x0000000016e48000)
 End Bits:   [0x0000000016e48000, 0x000000001ade0000)

Polling page: 0x00000000007f0000

CodeCache: size=245760Kb used=5868Kb max_used=5886Kb free=239891Kb
 bounds [0x00000000029a0000, 0x0000000002f70000, 0x00000000119a0000]
 total_blobs=1919 nmethods=1526 adapters=305
 compilation: enabled

Compilation events (10 events):
Event: 2.657 Thread 0x000000001bfe0800 nmethod 1520 0x0000000002f3c390 code [0x0000000002f3c500, 0x0000000002f3c798]
Event: 2.657 Thread 0x000000001bfe0800 1521       3       java.lang.Character::digit (10 bytes)
Event: 2.657 Thread 0x000000001bfe0800 nmethod 1521 0x0000000002f3bf10 code [0x0000000002f3c080, 0x0000000002f3c2b8]
Event: 2.660 Thread 0x000000001bfd2800 1522       4       java.io.DataInputStream::readInt (72 bytes)
Event: 2.660 Thread 0x000000001bfe0800 1523       3       java.util.StringTokenizer::skipDelimiters (116 bytes)
Event: 2.661 Thread 0x000000001bfe0800 nmethod 1523 0x0000000002f38050 code [0x0000000002f38260, 0x0000000002f38e58]
Event: 2.661 Thread 0x000000001bfe0800 1524       3       java.util.StringTokenizer::hasMoreTokens (29 bytes)
Event: 2.661 Thread 0x000000001bfe0800 nmethod 1524 0x0000000002f373d0 code [0x0000000002f37540, 0x0000000002f37748]
Event: 2.663 Thread 0x000000001bfe0800 1525   !   3       sun.net.www.ParseUtil::decode (316 bytes)
Event: 2.666 Thread 0x000000001bfe0800 nmethod 1525 0x0000000002f58b90 code [0x0000000002f59080, 0x0000000002f5c8b8]

GC Heap History (4 events):
Event: 1.737 GC heap before
{Heap before GC invocations=1 (full 0):
 PSYoungGen      total 76288K, used 65536K [0x000000076b380000, 0x0000000770880000, 0x00000007c0000000)
  eden space 65536K, 100% used [0x000000076b380000,0x000000076f380000,0x000000076f380000)
  from space 10752K, 0% used [0x000000076fe00000,0x000000076fe00000,0x0000000770880000)
  to   space 10752K, 0% used [0x000000076f380000,0x000000076f380000,0x000000076fe00000)
 ParOldGen       total 175104K, used 0K [0x00000006c1a00000, 0x00000006cc500000, 0x000000076b380000)
  object space 175104K, 0% used [0x00000006c1a00000,0x00000006c1a00000,0x00000006cc500000)
 Metaspace       used 13806K, capacity 13956K, committed 14208K, reserved 1060864K
  class space    used 1817K, capacity 1906K, committed 1920K, reserved 1048576K
Event: 1.749 GC heap after
Heap after GC invocations=1 (full 0):
 PSYoungGen      total 76288K, used 10539K [0x000000076b380000, 0x0000000770880000, 0x00000007c0000000)
  eden space 65536K, 0% used [0x000000076b380000,0x000000076b380000,0x000000076f380000)
  from space 10752K, 98% used [0x000000076f380000,0x000000076fdcac38,0x000000076fe00000)
  to   space 10752K, 0% used [0x000000076fe00000,0x000000076fe00000,0x0000000770880000)
 ParOldGen       total 175104K, used 606K [0x00000006c1a00000, 0x00000006cc500000, 0x000000076b380000)
  object space 175104K, 0% used [0x00000006c1a00000,0x00000006c1a97a50,0x00000006cc500000)
 Metaspace       used 13806K, capacity 13956K, committed 14208K, reserved 1060864K
  class space    used 1817K, capacity 1906K, committed 1920K, reserved 1048576K
}
Event: 2.595 GC heap before
{Heap before GC invocations=2 (full 0):
 PSYoungGen      total 76288K, used 76075K [0x000000076b380000, 0x0000000770880000, 0x00000007c0000000)
  eden space 65536K, 100% used [0x000000076b380000,0x000000076f380000,0x000000076f380000)
  from space 10752K, 98% used [0x000000076f380000,0x000000076fdcac38,0x000000076fe00000)
  to   space 10752K, 0% used [0x000000076fe00000,0x000000076fe00000,0x0000000770880000)
 ParOldGen       total 175104K, used 606K [0x00000006c1a00000, 0x00000006cc500000, 0x000000076b380000)
  object space 175104K, 0% used [0x00000006c1a00000,0x00000006c1a97a50,0x00000006cc500000)
 Metaspace       used 16390K, capacity 16606K, committed 16896K, reserved 1064960K
  class space    used 2137K, capacity 2211K, committed 2304K, reserved 1048576K
Event: 2.612 GC heap after
Heap after GC invocations=2 (full 0):
 PSYoungGen      total 76288K, used 10738K [0x000000076b380000, 0x0000000774880000, 0x00000007c0000000)
  eden space 65536K, 0% used [0x000000076b380000,0x000000076b380000,0x000000076f380000)
  from space 10752K, 99% used [0x000000076fe00000,0x000000077087cb68,0x0000000770880000)
  to   space 10752K, 0% used [0x000000076f380000,0x000000076f380000,0x000000076fe00000)
 ParOldGen       total 175104K, used 4232K [0x00000006c1a00000, 0x00000006cc500000, 0x000000076b380000)
  object space 175104K, 2% used [0x00000006c1a00000,0x00000006c1e221e8,0x00000006cc500000)
 Metaspace       used 16390K, capacity 16606K, committed 16896K, reserved 1064960K
  class space    used 2137K, capacity 2211K, committed 2304K, reserved 1048576K
}

Deoptimization events (10 events):
Event: 2.644 Thread 0x00000000028a4000 Uncommon trap: reason=class_check action=maybe_recompile pc=0x0000000002e8b668 method=org.apache.jena.graph.impl.LiteralLabelImpl.setValue(Ljava/lang/String;)V @ 6
Event: 2.645 Thread 0x00000000028a4000 Uncommon trap: reason=class_check action=maybe_recompile pc=0x0000000002e4c1e0 method=org.apache.jena.datatypes.xsd.XSDDatatype.convertValidatedDataValue(Lorg/apache/xerces/impl/dv/ValidatedInfo;)Ljava/lang/Object; @ 367
Event: 2.645 Thread 0x00000000028a4000 Uncommon trap: reason=class_check action=maybe_recompile pc=0x0000000002e4c1e0 method=org.apache.jena.datatypes.xsd.XSDDatatype.convertValidatedDataValue(Lorg/apache/xerces/impl/dv/ValidatedInfo;)Ljava/lang/Object; @ 367
Event: 2.645 Thread 0x00000000028a4000 Uncommon trap: reason=class_check action=maybe_recompile pc=0x0000000002e5a1d8 method=org.apache.jena.graph.impl.LiteralLabelImpl.setValue(Ljava/lang/String;)V @ 6
Event: 2.645 Thread 0x00000000028a4000 Uncommon trap: reason=class_check action=maybe_recompile pc=0x0000000002e4c1e0 method=org.apache.jena.datatypes.xsd.XSDDatatype.convertValidatedDataValue(Lorg/apache/xerces/impl/dv/ValidatedInfo;)Ljava/lang/Object; @ 367
Event: 2.657 Thread 0x00000000028a4000 Uncommon trap: reason=unstable_if action=reinterpret pc=0x0000000002d4b5b8 method=org.apache.jena.graph.Node_URI.equals(Ljava/lang/Object;)Z @ 2
Event: 2.660 Thread 0x00000000028a4000 Uncommon trap: reason=class_check action=maybe_recompile pc=0x0000000002cc54c8 method=java.io.DataInputStream.readInt()I @ 4
Event: 2.660 Thread 0x00000000028a4000 Uncommon trap: reason=class_check action=maybe_recompile pc=0x0000000002cc54c8 method=java.io.DataInputStream.readInt()I @ 4
Event: 2.660 Thread 0x00000000028a4000 Uncommon trap: reason=class_check action=maybe_recompile pc=0x0000000002cc54c8 method=java.io.DataInputStream.readInt()I @ 4
Event: 2.660 Thread 0x00000000028a4000 Uncommon trap: reason=class_check action=maybe_recompile pc=0x0000000002cc54c8 method=java.io.DataInputStream.readInt()I @ 4

Internal exceptions (10 events):
Event: 0.038 Thread 0x00000000028a4000 Exception <a 'java/lang/NoSuchMethodError': Method sun.misc.Unsafe.defineClass(Ljava/lang/String;[BII)Ljava/lang/Class; name or signature does not match> (0x000000076b387cc0) thrown at [C:\re\workspace\8-2-build-windows-amd64-cygwin\jdk8u91\7017\hotspot\srx©è&­£?
Event: 0.038 Thread 0x00000000028a4000 Exception <a 'java/lang/NoSuchMethodError': Method sun.misc.Unsafe.prefetchRead(Ljava/lang/Object;J)V name or signature does not match> (0x000000076b387fa8) thrown at [C:\re\workspace\8-2-build-windows-amd64-cygwin\jdk8u91\7017\hotspot\src\share\vm\prims\j†±#™†Ì?
Event: 0.223 Thread 0x00000000028a4000 Exception <a 'java/lang/NoSuchFieldError': method resolution failed> (0x000000076b888460) thrown at [C:\re\workspace\8-2-build-windows-amd64-cygwin\jdk8u91\7017\hotspot\src\share\vm\prims\methodHandles.cpp, line 1146]
Event: 0.224 Thread 0x00000000028a4000 Exception <a 'java/lang/NoSuchFieldError': method resolution failed> (0x000000076b8957e0) thrown at [C:\re\workspace\8-2-build-windows-amd64-cygwin\jdk8u91\7017\hotspot\src\share\vm\prims\methodHandles.cpp, line 1146]
Event: 0.247 Thread 0x00000000028a4000 Exception <a 'java/security/PrivilegedActionException'> (0x000000076b932148) thrown at [C:\re\workspace\8-2-build-windows-amd64-cygwin\jdk8u91\7017\hotspot\src\share\vm\prims\jvm.cpp, line 1386]
Event: 0.247 Thread 0x00000000028a4000 Exception <a 'java/security/PrivilegedActionException'> (0x000000076b932358) thrown at [C:\re\workspace\8-2-build-windows-amd64-cygwin\jdk8u91\7017\hotspot\src\share\vm\prims\jvm.cpp, line 1386]
Event: 0.248 Thread 0x00000000028a4000 Exception <a 'java/security/PrivilegedActionException'> (0x000000076b936388) thrown at [C:\re\workspace\8-2-build-windows-amd64-cygwin\jdk8u91\7017\hotspot\src\share\vm\prims\jvm.cpp, line 1386]
Event: 0.248 Thread 0x00000000028a4000 Exception <a 'java/security/PrivilegedActionException'> (0x000000076b936598) thrown at [C:\re\workspace\8-2-build-windows-amd64-cygwin\jdk8u91\7017\hotspot\src\share\vm\prims\jvm.cpp, line 1386]
Event: 0.261 Thread 0x00000000028a4000 Exception <a 'java/lang/NoClassDefFoundError': org/slf4j/impl/StaticLoggerBinder> (0x000000076b9af3a8) thrown at [C:\re\workspace\8-2-build-windows-amd64-cygwin\jdk8u91\7017\hotspot\src\share\vm\classfile\systemDictionary.cpp, line 199]
Event: 2.340 Thread 0x00000000028a4000 Implicit null exception at 0x0000000002df77e6 to 0x0000000002df8714

Events (10 events):
Event: 2.662 loading class java/math/RoundingMode done
Event: 2.662 loading class com/RLayer/Temp
Event: 2.662 loading class com/RLayer/Temp done
Event: 2.663 loading class org/rosuda/JRI/Rengine
Event: 2.663 loading class org/rosuda/JRI/Rengine done
Event: 2.664 loading class java/lang/ClassLoaderHelper
Event: 2.664 loading class java/lang/ClassLoaderHelper done
Event: 2.670 loading class org/rosuda/JRI/Mutex
Event: 2.670 loading class org/rosuda/JRI/Mutex done
Event: 2.671 Thread 0x000000001f743800 Thread added: 0x000000001f743800


Dynamic libraries:
0x00007ff6e7c50000 - 0x00007ff6e7c87000 	C:\Program Files\Java\jdk1.8.0_91\bin\java.exe
0x00007ffaf0ed0000 - 0x00007ffaf10a1000 	C:\WINDOWS\SYSTEM32\ntdll.dll
0x00007ffaeeec0000 - 0x00007ffaeef6b000 	C:\WINDOWS\System32\KERNEL32.DLL
0x00007ffaeddc0000 - 0x00007ffaedfdd000 	C:\WINDOWS\System32\KERNELBASE.dll
0x00007ffaf0820000 - 0x00007ffaf08c2000 	C:\WINDOWS\System32\ADVAPI32.dll
0x00007ffaeebb0000 - 0x00007ffaeec4e000 	C:\WINDOWS\System32\msvcrt.dll
0x00007ffaf0b30000 - 0x00007ffaf0b89000 	C:\WINDOWS\System32\sechost.dll
0x00007ffaf09a0000 - 0x00007ffaf0ac1000 	C:\WINDOWS\System32\RPCRT4.dll
0x00007ffaee460000 - 0x00007ffaee5c5000 	C:\WINDOWS\System32\USER32.dll
0x00007ffaedfe0000 - 0x00007ffaedffe000 	C:\WINDOWS\System32\win32u.dll
0x00007ffaeeb60000 - 0x00007ffaeeb94000 	C:\WINDOWS\System32\GDI32.dll
0x00007ffaee000000 - 0x00007ffaee182000 	C:\WINDOWS\System32\gdi32full.dll
0x00007ffae6d40000 - 0x00007ffae6fba000 	C:\WINDOWS\WinSxS\amd64_microsoft.windows.common-controls_6595b64144ccf1df_6.0.14393.953_none_42151e83c686086b\COMCTL32.dll
0x00007ffaeef70000 - 0x00007ffaef238000 	C:\WINDOWS\System32\combase.dll
0x00007ffaee190000 - 0x00007ffaee285000 	C:\WINDOWS\System32\ucrtbase.dll
0x00007ffaee3a0000 - 0x00007ffaee40a000 	C:\WINDOWS\System32\bcryptPrimitives.dll
0x00007ffaeee90000 - 0x00007ffaeeebe000 	C:\WINDOWS\System32\IMM32.DLL
0x0000000050e70000 - 0x0000000050f42000 	C:\Program Files\Java\jdk1.8.0_91\jre\bin\msvcr100.dll
0x0000000076d80000 - 0x0000000077613000 	C:\Program Files\Java\jdk1.8.0_91\jre\bin\server\jvm.dll
0x00007ffaeec50000 - 0x00007ffaeec58000 	C:\WINDOWS\System32\PSAPI.DLL
0x00007ffae1e40000 - 0x00007ffae1e4a000 	C:\WINDOWS\SYSTEM32\VERSION.dll
0x00007ffaeb470000 - 0x00007ffaeb493000 	C:\WINDOWS\SYSTEM32\WINMM.dll
0x00007ffadc390000 - 0x00007ffadc399000 	C:\WINDOWS\SYSTEM32\WSOCK32.dll
0x0000000002730000 - 0x000000000275b000 	C:\WINDOWS\SYSTEM32\WINMMBASE.dll
0x00007ffaf0930000 - 0x00007ffaf099a000 	C:\WINDOWS\System32\WS2_32.dll
0x00007ffaee410000 - 0x00007ffaee452000 	C:\WINDOWS\System32\cfgmgr32.dll
0x0000000051450000 - 0x000000005145f000 	C:\Program Files\Java\jdk1.8.0_91\jre\bin\verify.dll
0x0000000051420000 - 0x0000000051449000 	C:\Program Files\Java\jdk1.8.0_91\jre\bin\java.dll
0x00000000513b0000 - 0x00000000513c6000 	C:\Program Files\Java\jdk1.8.0_91\jre\bin\zip.dll
0x00007ffaef2b0000 - 0x00007ffaf07b8000 	C:\WINDOWS\System32\SHELL32.dll
0x00007ffaed3c0000 - 0x00007ffaeda9a000 	C:\WINDOWS\System32\windows.storage.dll
0x00007ffaed360000 - 0x00007ffaed3ac000 	C:\WINDOWS\System32\powrprof.dll
0x00007ffaf07c0000 - 0x00007ffaf0812000 	C:\WINDOWS\System32\shlwapi.dll
0x00007ffaed3b0000 - 0x00007ffaed3bf000 	C:\WINDOWS\System32\kernel.appcore.dll
0x00007ffaedaa0000 - 0x00007ffaedb49000 	C:\WINDOWS\System32\shcore.dll
0x00007ffaed330000 - 0x00007ffaed344000 	C:\WINDOWS\System32\profapi.dll
0x00007ffae79d0000 - 0x00007ffae79e0000 	C:\Program Files (x86)\JetBrains\IntelliJ IDEA 2016.1.1\bin\breakgen64.dll
0x0000000050940000 - 0x000000005095a000 	C:\Program Files\Java\jdk1.8.0_91\jre\bin\net.dll
0x00007ffaecc00000 - 0x00007ffaecc5c000 	C:\WINDOWS\system32\mswsock.dll
0x00007ffaecda0000 - 0x00007ffaecdb7000 	C:\WINDOWS\SYSTEM32\CRYPTSP.dll
0x00007ffaec800000 - 0x00007ffaec833000 	C:\WINDOWS\system32\rsaenh.dll
0x00007ffaed270000 - 0x00007ffaed29b000 	C:\WINDOWS\SYSTEM32\bcrypt.dll
0x00007ffaeca80000 - 0x00007ffaeca9f000 	C:\WINDOWS\SYSTEM32\USERENV.dll
0x00007ffaecdc0000 - 0x00007ffaecdcb000 	C:\WINDOWS\SYSTEM32\CRYPTBASE.dll
0x00007ffaec980000 - 0x00007ffaec9b8000 	C:\WINDOWS\SYSTEM32\IPHLPAPI.DLL
0x00007ffaeeba0000 - 0x00007ffaeeba8000 	C:\WINDOWS\System32\NSI.dll
0x00007ffae7c50000 - 0x00007ffae7c66000 	C:\WINDOWS\SYSTEM32\dhcpcsvc6.DLL
0x00007ffae7c30000 - 0x00007ffae7c4a000 	C:\WINDOWS\SYSTEM32\dhcpcsvc.DLL
0x0000000051400000 - 0x0000000051411000 	C:\Program Files\Java\jdk1.8.0_91\jre\bin\nio.dll
0x0000000062d80000 - 0x0000000062d97000 	C:\Program Files\R\R-3.3.3\library\rJava\jri\x64\jri.dll
0x000000006c700000 - 0x000000006e584000 	C:\Program Files\R\R-3.3.3\bin\x64\R.dll
0x00000000641c0000 - 0x00000000641d6000 	C:\Program Files\R\R-3.3.3\bin\x64\Riconv.dll
0x0000000063540000 - 0x00000000635a1000 	C:\Program Files\R\R-3.3.3\bin\x64\Rgraphapp.dll
0x00007ffaf0d30000 - 0x00007ffaf0e2a000 	C:\WINDOWS\System32\comdlg32.dll
0x00007ffae7770000 - 0x00007ffae7777000 	C:\WINDOWS\SYSTEM32\MSIMG32.dll
0x0000000064e80000 - 0x0000000064ed3000 	C:\Program Files\R\R-3.3.3\bin\x64\Rblas.dll
0x00007ffae9430000 - 0x00007ffae95c2000 	C:\WINDOWS\SYSTEM32\dbghelp.dll

VM Arguments:
jvm_args: -Didea.launcher.port=7533 -Didea.launcher.bin.path=C:\Program Files (x86)\JetBrains\IntelliJ IDEA 2016.1.1\bin -Dfile.encoding=UTF-8 
java_command: com.intellij.rt.execution.application.AppMain com.JenaModel.LastModifiedJena
java_class_path (initial): C:\Program Files\Java\jdk1.8.0_91\jre\lib\charsets.jar;C:\Program Files\Java\jdk1.8.0_91\jre\lib\deploy.jar;C:\Program Files\Java\jdk1.8.0_91\jre\lib\ext\access-bridge-64.jar;C:\Program Files\Java\jdk1.8.0_91\jre\lib\ext\cldrdata.jar;C:\Program Files\Java\jdk1.8.0_91\jre\lib\ext\dnsns.jar;C:\Program Files\Java\jdk1.8.0_91\jre\lib\ext\jaccess.jar;C:\Program Files\Java\jdk1.8.0_91\jre\lib\ext\jfxrt.jar;C:\Program Files\Java\jdk1.8.0_91\jre\lib\ext\localedata.jar;C:\Program Files\Java\jdk1.8.0_91\jre\lib\ext\nashorn.jar;C:\Program Files\Java\jdk1.8.0_91\jre\lib\ext\sunec.jar;C:\Program Files\Java\jdk1.8.0_91\jre\lib\ext\sunjce_provider.jar;C:\Program Files\Java\jdk1.8.0_91\jre\lib\ext\sunmscapi.jar;C:\Program Files\Java\jdk1.8.0_91\jre\lib\ext\sunpkcs11.jar;C:\Program Files\Java\jdk1.8.0_91\jre\lib\ext\zipfs.jar;C:\Program Files\Java\jdk1.8.0_91\jre\lib\javaws.jar;C:\Program Files\Java\jdk1.8.0_91\jre\lib\jce.jar;C:\Program Files\Java\jdk1.8.0_91\jre\lib\jfr.jar;C:\Program Files\Java\jdk1.8.0_91\jre\lib\jfxswt.jar;C:\Program Files\Java\jdk1.8.0_91\jre\lib\jsse.jar;C:\Program Files\Java\jdk1.8.0_91\jre\lib\management-agent.jar;C:\Program Files\Java\jdk1.8.0_91\jre\lib\plugin.jar;C:\Program Files\Java\jdk1.8.0_91\jre\lib\resources.jar;C:\Program Files\Java\jdk1.8.0_91\jre\lib\rt.jar;V:\MS\Thesis\Thesis Work Experiments\OwnExtension\target\classes;C:\Users\marne\.m2\repository\org\apache\jena\jena-arq\3.2.0\jena-arq-3.2.0.jar;C:\Users\marne\.m2\repository\org\apache\jena\jena-shaded-guava\3.2.0\jena-shaded-guava-3.2.0.jar;C:\Users\marne\.m2\repository\org\apache\httpcomponents\httpclient\4.5.2\httpclient-4.5.2.jar;C:\Users\marne\.m2\repository\org\apache\httpcomponents\httpcore\4.4.4\httpcore-4.4.4.jar;C:\Users\marne\.m2\repository\commons-codec\commons-codec\1.9\commons-codec-1.9.jar;C:\Users\marne\.m2\repository\com\github\jsonld-java\jsonld-java\0.9.0\jsonld-java-0.9.0.jar;C:\Users\marne\.m2\repository\com\fasterxml\jackson\core\jackson-cor
Launcher Type: SUN_STANDARD

Environment Variables:
JAVA_HOME=C:\Program Files\Java\jre1.8.0_91
CLASSPATH=C:\Program Files\Java\jdk1.8.0_91\bin;C:\Program Files\Java\jre1.8.0_91\bin;.
USERNAME=marne
OS=Windows_NT
PROCESSOR_IDENTIFIER=Intel64 Family 6 Model 78 Stepping 3, GenuineIntel



---------------  S Y S T E M  ---------------

OS: Windows 10.0 , 64 bit Build 14393 (10.0.14393.0)

CPU:total 4 (2 cores per cpu, 2 threads per core) family 6 model 78 stepping 3, cmov, cx8, fxsr, mmx, sse, sse2, sse3, ssse3, sse4.1, sse4.2, popcnt, avx, avx2, aes, clmul, erms, 3dnowpref, lzcnt, ht, tsc, tscinvbit, bmi1, bmi2, adx

Memory: 4k page, physical 16668628k(9624508k free), swap 19158996k(9971868k free)

vm_info: Java HotSpot(TM) 64-Bit Server VM (25.91-b15) for windows-amd64 JRE (1.8.0_91-b15), built on May 20 2016 17:43:15 by "java_re" with MS VC++ 10.0 (VS2010)

time: Mon Apr 17 07:29:59 2017
elapsed time: 2 seconds (0d 0h 0m 2s)

