#
# A fatal error has been detected by the Java Runtime Environment:
#
#  EXCEPTION_ACCESS_VIOLATION (0xc0000005) at pc=0x000000006c80d232, pid=9912, tid=11168
#
# JRE version: Java(TM) SE Runtime Environment (8.0_91-b15) (build 1.8.0_91-b15)
# Java VM: Java HotSpot(TM) 64-Bit Server VM (25.91-b15 mixed mode windows-amd64 compressed oops)
# Problematic frame:
# C  [R.dll+0x10d232]
#
# Failed to write core dump. Minidumps are not enabled by default on client versions of Windows
#
# If you would like to submit a bug report, please visit:
#   http://bugreport.java.com/bugreport/crash.jsp
# The crash happened outside the Java Virtual Machine in native code.
# See problematic frame for where to report the bug.
#

---------------  T H R E A D  ---------------

Current thread (0x0000000002b14000):  JavaThread "main" [_thread_in_native, id=11168, stack(0x0000000002a10000,0x0000000002b10000)]

siginfo: ExceptionCode=0xc0000005, reading address 0x0000000000000018

Registers:
RAX=0x0000000000000000, RBX=0x0000000000000000, RCX=0x0000000000000000, RDX=0x0000000000000000
RSP=0x0000000002b0dca0, RBP=0x0000000000000020, RSI=0x0000000000000028, RDI=0x0000000000000030
R8 =0x0000000002980018, R9 =0x0000000000000000, R10=0x000000006e44b960, R11=0x0000000000000246
R12=0x0000000000000001, R13=0x000000006e44b800, R14=0x000000006e44b970, R15=0x0000000000000000
RIP=0x000000006c80d232, EFLAGS=0x0000000000010202

Top of Stack: (sp=0x0000000002b0dca0)
0x0000000002b0dca0:   0000000000000013 0000000000000013
0x0000000002b0dcb0:   0000000000000000 0000000050ed8d17
0x0000000002b0dcc0:   0000000000000000 0000000000000001
0x0000000002b0dcd0:   0000000000000010 0000000000000001
0x0000000002b0dce0:   0000000000000001 0000000000000001
0x0000000002b0dcf0:   000000006e44b800 000000006e44b970
0x0000000002b0dd00:   0000000000000000 000000006c814527
0x0000000002b0dd10:   0000000000000000 0000000002b0dd28
0x0000000002b0dd20:   0000000020422de8 0000000000000012
0x0000000002b0dd30:   0000000002b14000 0000000000600000
0x0000000002b0dd40:   000000076c4cc838 000000001f5edc40
0x0000000002b0dd50:   000000076f77c3d0 0000000000000000
0x0000000002b0dd60:   000000076f77aa30 0000000000000000
0x0000000002b0dd70:   0000000002b0de00 0000000002b141f8
0x0000000002b0dd80:   0000000002b0df10 0000000000000005
0x0000000002b0dd90:   000000001f5edc40 0000000000000000 

Instructions: (pc=0x000000006c80d232)
0x000000006c80d212:   4a 10 83 40 04 01 85 f6 49 89 9a 58 01 00 00 74
0x000000006c80d222:   50 8b 0d 37 f1 c3 01 31 c0 c1 e5 05 66 90 89 cb
0x000000006c80d232:   49 8b 51 18 83 c0 01 41 83 82 50 01 00 00 01 c1
0x000000006c80d242:   eb 18 4d 89 48 10 4d 89 41 18 41 89 d9 41 83 e1 


Register to memory mapping:

RAX=0x0000000000000000 is an unknown value
RBX=0x0000000000000000 is an unknown value
RCX=0x0000000000000000 is an unknown value
RDX=0x0000000000000000 is an unknown value
RSP=0x0000000002b0dca0 is pointing into the stack for thread: 0x0000000002b14000
RBP=0x0000000000000020 is an unknown value
RSI=0x0000000000000028 is an unknown value
RDI=0x0000000000000030 is an unknown value
R8 =0x0000000002980018 is an unknown value
R9 =0x0000000000000000 is an unknown value
R10=0x000000006e44b960 is an unknown value
R11=0x0000000000000246 is an unknown value
R12=0x0000000000000001 is an unknown value
R13=0x000000006e44b800 is an unknown value
R14=0x000000006e44b970 is an unknown value
R15=0x0000000000000000 is an unknown value


Stack: [0x0000000002a10000,0x0000000002b10000],  sp=0x0000000002b0dca0,  free space=1015k
Native frames: (J=compiled Java code, j=interpreted, Vv=VM code, C=native code)
C  [R.dll+0x10d232]
C  [R.dll+0x114527]
C  [jri.dll+0x2646]
C  [jri.dll+0x15f1]
C  0x0000000002c28a57

Java frames: (J=compiled Java code, j=interpreted, Vv=VM code)
j  org.rosuda.JRI.Rengine.rniParse(Ljava/lang/String;I)J+0
j  org.rosuda.JRI.Rengine.eval(Ljava/lang/String;Z)Lorg/rosuda/JRI/REXP;+53
j  org.rosuda.JRI.Rengine.eval(Ljava/lang/String;)Lorg/rosuda/JRI/REXP;+3
j  com.RLayer.Temp.getMean()Ljava/lang/Double;+31
j  com.extension.LastModified.exec(Lorg/apache/jena/sparql/expr/NodeValue;)Lorg/apache/jena/sparql/expr/NodeValue;+34
j  org.apache.jena.sparql.function.FunctionBase1.exec(Ljava/util/List;)Lorg/apache/jena/sparql/expr/NodeValue;+69
j  org.apache.jena.sparql.function.FunctionBase.exec(Lorg/apache/jena/sparql/engine/binding/Binding;Lorg/apache/jena/sparql/expr/ExprList;Ljava/lang/String;Lorg/apache/jena/sparql/function/FunctionEnv;)Lorg/apache/jena/sparql/expr/NodeValue;+79
j  org.apache.jena.sparql.expr.E_Function.evalSpecial(Lorg/apache/jena/sparql/engine/binding/Binding;Lorg/apache/jena/sparql/function/FunctionEnv;)Lorg/apache/jena/sparql/expr/NodeValue;+73
j  org.apache.jena.sparql.expr.ExprFunctionN.eval(Lorg/apache/jena/sparql/engine/binding/Binding;Lorg/apache/jena/sparql/function/FunctionEnv;)Lorg/apache/jena/sparql/expr/NodeValue;+3
j  org.apache.jena.sparql.core.VarExprList.get(Lorg/apache/jena/sparql/core/Var;Lorg/apache/jena/sparql/engine/binding/Binding;Lorg/apache/jena/sparql/function/FunctionEnv;)Lorg/apache/jena/graph/Node;+30
j  org.apache.jena.sparql.engine.iterator.QueryIterAssign.accept(Lorg/apache/jena/sparql/engine/binding/Binding;)Lorg/apache/jena/sparql/engine/binding/Binding;+49
j  org.apache.jena.sparql.engine.iterator.QueryIterProcessBinding.hasNextBinding()Z+79
j  org.apache.jena.sparql.engine.iterator.QueryIteratorBase.hasNext()Z+36
j  org.apache.jena.sparql.engine.iterator.QueryIterConvert.hasNextBinding()Z+4
j  org.apache.jena.sparql.engine.iterator.QueryIteratorBase.hasNext()Z+36
j  org.apache.jena.sparql.engine.iterator.QueryIterSlice.hasNextBinding()Z+13
j  org.apache.jena.sparql.engine.iterator.QueryIteratorBase.hasNext()Z+36
j  org.apache.jena.sparql.engine.iterator.QueryIteratorWrapper.hasNextBinding()Z+4
j  org.apache.jena.sparql.engine.iterator.QueryIteratorBase.hasNext()Z+36
j  org.apache.jena.sparql.engine.iterator.QueryIteratorWrapper.hasNextBinding()Z+4
j  org.apache.jena.sparql.engine.iterator.QueryIteratorBase.hasNext()Z+36
j  org.apache.jena.sparql.engine.ResultSetStream.hasNext()Z+13
j  org.apache.jena.sparql.engine.ResultSetCheckCondition.hasNext()Z+8
j  org.apache.jena.sparql.resultset.ResultSetMem.<init>(Lorg/apache/jena/query/ResultSet;)V+87
j  org.apache.jena.query.ResultSetFactory.makeRewindable(Lorg/apache/jena/query/ResultSet;)Lorg/apache/jena/query/ResultSetRewindable;+25
j  org.apache.jena.sparql.resultset.TextOutput.write(Ljava/io/PrintWriter;Lorg/apache/jena/query/ResultSet;Ljava/lang/String;Ljava/lang/String;Ljava/lang/String;)V+21
j  org.apache.jena.sparql.resultset.TextOutput.write(Ljava/io/OutputStream;Lorg/apache/jena/query/ResultSet;Ljava/lang/String;Ljava/lang/String;Ljava/lang/String;)V+15
j  org.apache.jena.sparql.resultset.TextOutput.write(Ljava/io/OutputStream;Lorg/apache/jena/query/ResultSet;)V+9
j  org.apache.jena.sparql.resultset.TextOutput.format(Ljava/io/OutputStream;Lorg/apache/jena/query/ResultSet;)V+3
j  org.apache.jena.query.ResultSetFormatter.out(Ljava/io/OutputStream;Lorg/apache/jena/query/ResultSet;Lorg/apache/jena/shared/PrefixMapping;)V+12
j  org.apache.jena.query.ResultSetFormatter.out(Ljava/io/OutputStream;Lorg/apache/jena/query/ResultSet;)V+6
j  org.apache.jena.query.ResultSetFormatter.out(Lorg/apache/jena/query/ResultSet;)V+4
j  com.JenaModel.LastModifiedJena.queryResults(Lorg/apache/jena/rdf/model/Model;Lorg/apache/jena/query/Dataset;)V+28
j  com.JenaModel.LastModifiedJena.main([Ljava/lang/String;)V+57
v  ~StubRoutines::call_stub
j  sun.reflect.NativeMethodAccessorImpl.invoke0(Ljava/lang/reflect/Method;Ljava/lang/Object;[Ljava/lang/Object;)Ljava/lang/Object;+0
j  sun.reflect.NativeMethodAccessorImpl.invoke(Ljava/lang/Object;[Ljava/lang/Object;)Ljava/lang/Object;+100
j  sun.reflect.DelegatingMethodAccessorImpl.invoke(Ljava/lang/Object;[Ljava/lang/Object;)Ljava/lang/Object;+6
j  java.lang.reflect.Method.invoke(Ljava/lang/Object;[Ljava/lang/Object;)Ljava/lang/Object;+56
j  com.intellij.rt.execution.application.AppMain.main([Ljava/lang/String;)V+180
v  ~StubRoutines::call_stub

---------------  P R O C E S S  ---------------

Java Threads: ( => current thread )
  0x000000001ddde000 JavaThread "Monitor Ctrl-Break" daemon [_thread_in_native, id=16520, stack(0x000000001e130000,0x000000001e230000)]
  0x000000001c24b800 JavaThread "Service Thread" daemon [_thread_blocked, id=10160, stack(0x000000001df30000,0x000000001e030000)]
  0x000000001c207800 JavaThread "C1 CompilerThread2" daemon [_thread_blocked, id=12768, stack(0x000000001da30000,0x000000001db30000)]
  0x000000001c1f1000 JavaThread "C2 CompilerThread1" daemon [_thread_blocked, id=7428, stack(0x000000001d930000,0x000000001da30000)]
  0x000000001c1ef000 JavaThread "C2 CompilerThread0" daemon [_thread_blocked, id=9040, stack(0x000000001d830000,0x000000001d930000)]
  0x000000001c1ed000 JavaThread "Attach Listener" daemon [_thread_blocked, id=18980, stack(0x000000001d730000,0x000000001d830000)]
  0x000000001c1ec000 JavaThread "Signal Dispatcher" daemon [_thread_blocked, id=11620, stack(0x000000001d630000,0x000000001d730000)]
  0x0000000002c0d000 JavaThread "Finalizer" daemon [_thread_blocked, id=10416, stack(0x000000001d440000,0x000000001d540000)]
  0x0000000002c02000 JavaThread "Reference Handler" daemon [_thread_blocked, id=18500, stack(0x000000001d340000,0x000000001d440000)]
=>0x0000000002b14000 JavaThread "main" [_thread_in_native, id=11168, stack(0x0000000002a10000,0x0000000002b10000)]

Other Threads:
  0x000000001c1b8000 VMThread [stack: 0x000000001d240000,0x000000001d340000] [id=8696]
  0x000000001c24e800 WatcherThread [stack: 0x000000001e030000,0x000000001e130000] [id=9348]

VM state:not at safepoint (normal execution)

VM Mutex/Monitor currently owned by a thread: None

Heap:
 PSYoungGen      total 76288K, used 29354K [0x000000076b380000, 0x0000000774880000, 0x00000007c0000000)
  eden space 65536K, 28% used [0x000000076b380000,0x000000076c5b1088,0x000000076f380000)
  from space 10752K, 99% used [0x000000076fe00000,0x0000000770879910,0x0000000770880000)
  to   space 10752K, 0% used [0x000000076f380000,0x000000076f380000,0x000000076fe00000)
 ParOldGen       total 175104K, used 1755K [0x00000006c1a00000, 0x00000006cc500000, 0x000000076b380000)
  object space 175104K, 1% used [0x00000006c1a00000,0x00000006c1bb6e30,0x00000006cc500000)
 Metaspace       used 17268K, capacity 17482K, committed 17792K, reserved 1064960K
  class space    used 2241K, capacity 2311K, committed 2432K, reserved 1048576K

Card table byte_map: [0x0000000011fd0000,0x00000000127d0000] byte_map_base: 0x000000000e9c3000

Marking Bits: (ParMarkBitMap*) 0x0000000077592f70
 Begin Bits: [0x0000000013120000, 0x00000000170b8000)
 End Bits:   [0x00000000170b8000, 0x000000001b050000)

Polling page: 0x00000000028b0000

CodeCache: size=245760Kb used=5750Kb max_used=5768Kb free=240009Kb
 bounds [0x0000000002c10000, 0x00000000031c0000, 0x0000000011c10000]
 total_blobs=1891 nmethods=1498 adapters=305
 compilation: enabled

Compilation events (10 events):
Event: 2.349 Thread 0x000000001c207800 1501       3       java.lang.Character::digit (10 bytes)
Event: 2.349 Thread 0x000000001c207800 nmethod 1501 0x000000000319a9d0 code [0x000000000319ab40, 0x000000000319ad78]
Event: 2.349 Thread 0x000000001c1ef000 nmethod 1502 0x00000000031921d0 code [0x0000000003192300, 0x0000000003192398]
Event: 2.352 Thread 0x000000001c1f1000 1503       4       java.io.DataInputStream::readInt (72 bytes)
Event: 2.353 Thread 0x000000001c207800 1504       3       java.util.StringTokenizer::skipDelimiters (116 bytes)
Event: 2.354 Thread 0x000000001c207800 nmethod 1504 0x0000000003192650 code [0x0000000003192860, 0x0000000003193458]
Event: 2.354 Thread 0x000000001c207800 1506       3       java.util.StringTokenizer::scanToken (179 bytes)
Event: 2.355 Thread 0x000000001c207800 nmethod 1506 0x0000000003196bd0 code [0x0000000003196e40, 0x00000000031981d8]
Event: 2.355 Thread 0x000000001c207800 1505       3       java.util.StringTokenizer::hasMoreTokens (29 bytes)
Event: 2.355 Thread 0x000000001c207800 nmethod 1505 0x00000000031967d0 code [0x0000000003196940, 0x0000000003196b48]

GC Heap History (4 events):
Event: 1.831 GC heap before
{Heap before GC invocations=1 (full 0):
 PSYoungGen      total 76288K, used 65536K [0x000000076b380000, 0x0000000770880000, 0x00000007c0000000)
  eden space 65536K, 100% used [0x000000076b380000,0x000000076f380000,0x000000076f380000)
  from space 10752K, 0% used [0x000000076fe00000,0x000000076fe00000,0x0000000770880000)
  to   space 10752K, 0% used [0x000000076f380000,0x000000076f380000,0x000000076fe00000)
 ParOldGen       total 175104K, used 0K [0x00000006c1a00000, 0x00000006cc500000, 0x000000076b380000)
  object space 175104K, 0% used [0x00000006c1a00000,0x00000006c1a00000,0x00000006cc500000)
 Metaspace       used 13822K, capacity 14020K, committed 14208K, reserved 1060864K
  class space    used 1817K, capacity 1906K, committed 1920K, reserved 1048576K
Event: 1.846 GC heap after
Heap after GC invocations=1 (full 0):
 PSYoungGen      total 76288K, used 10743K [0x000000076b380000, 0x0000000770880000, 0x00000007c0000000)
  eden space 65536K, 0% used [0x000000076b380000,0x000000076b380000,0x000000076f380000)
  from space 10752K, 99% used [0x000000076f380000,0x000000076fdfddc0,0x000000076fe00000)
  to   space 10752K, 0% used [0x000000076fe00000,0x000000076fe00000,0x0000000770880000)
 ParOldGen       total 175104K, used 478K [0x00000006c1a00000, 0x00000006cc500000, 0x000000076b380000)
  object space 175104K, 0% used [0x00000006c1a00000,0x00000006c1a77a40,0x00000006cc500000)
 Metaspace       used 13822K, capacity 14020K, committed 14208K, reserved 1060864K
  class space    used 1817K, capacity 1906K, committed 1920K, reserved 1048576K
}
Event: 2.122 GC heap before
{Heap before GC invocations=2 (full 0):
 PSYoungGen      total 76288K, used 76279K [0x000000076b380000, 0x0000000770880000, 0x00000007c0000000)
  eden space 65536K, 100% used [0x000000076b380000,0x000000076f380000,0x000000076f380000)
  from space 10752K, 99% used [0x000000076f380000,0x000000076fdfddc0,0x000000076fe00000)
  to   space 10752K, 0% used [0x000000076fe00000,0x000000076fe00000,0x0000000770880000)
 ParOldGen       total 175104K, used 478K [0x00000006c1a00000, 0x00000006cc500000, 0x000000076b380000)
  object space 175104K, 0% used [0x00000006c1a00000,0x00000006c1a77a40,0x00000006cc500000)
 Metaspace       used 14085K, capacity 14284K, committed 14464K, reserved 1062912K
  class space    used 1839K, capacity 1910K, committed 1920K, reserved 1048576K
Event: 2.136 GC heap after
Heap after GC invocations=2 (full 0):
 PSYoungGen      total 76288K, used 10726K [0x000000076b380000, 0x0000000774880000, 0x00000007c0000000)
  eden space 65536K, 0% used [0x000000076b380000,0x000000076b380000,0x000000076f380000)
  from space 10752K, 99% used [0x000000076fe00000,0x0000000770879910,0x0000000770880000)
  to   space 10752K, 0% used [0x000000076f380000,0x000000076f380000,0x000000076fe00000)
 ParOldGen       total 175104K, used 1755K [0x00000006c1a00000, 0x00000006cc500000, 0x000000076b380000)
  object space 175104K, 1% used [0x00000006c1a00000,0x00000006c1bb6e30,0x00000006cc500000)
 Metaspace       used 14085K, capacity 14284K, committed 14464K, reserved 1062912K
  class space    used 1839K, capacity 1910K, committed 1920K, reserved 1048576K
}

Deoptimization events (10 events):
Event: 2.339 Thread 0x0000000002b14000 Uncommon trap: reason=class_check action=maybe_recompile pc=0x00000000030c83d8 method=org.apache.xerces.impl.dv.xs.XSSimpleTypeDecl.checkExtraRules(Lorg/apache/xerces/impl/dv/ValidationContext;Lorg/apache/xerces/impl/dv/ValidatedInfo;)V @ 24
Event: 2.339 Thread 0x0000000002b14000 Uncommon trap: reason=class_check action=maybe_recompile pc=0x00000000030c83d8 method=org.apache.xerces.impl.dv.xs.XSSimpleTypeDecl.checkExtraRules(Lorg/apache/xerces/impl/dv/ValidationContext;Lorg/apache/xerces/impl/dv/ValidatedInfo;)V @ 24
Event: 2.340 Thread 0x0000000002b14000 Uncommon trap: reason=class_check action=maybe_recompile pc=0x00000000030cb920 method=org.apache.jena.datatypes.xsd.XSDDatatype.convertValidatedDataValue(Lorg/apache/xerces/impl/dv/ValidatedInfo;)Ljava/lang/Object; @ 367
Event: 2.340 Thread 0x0000000002b14000 Uncommon trap: reason=class_check action=maybe_recompile pc=0x00000000030cb920 method=org.apache.jena.datatypes.xsd.XSDDatatype.convertValidatedDataValue(Lorg/apache/xerces/impl/dv/ValidatedInfo;)Ljava/lang/Object; @ 367
Event: 2.340 Thread 0x0000000002b14000 Uncommon trap: reason=class_check action=maybe_recompile pc=0x00000000030cb920 method=org.apache.jena.datatypes.xsd.XSDDatatype.convertValidatedDataValue(Lorg/apache/xerces/impl/dv/ValidatedInfo;)Ljava/lang/Object; @ 367
Event: 2.349 Thread 0x0000000002b14000 Uncommon trap: reason=unstable_if action=reinterpret pc=0x0000000002fc4fb8 method=org.apache.jena.graph.Node_URI.equals(Ljava/lang/Object;)Z @ 2
Event: 2.352 Thread 0x0000000002b14000 Uncommon trap: reason=class_check action=maybe_recompile pc=0x0000000002f3c708 method=java.io.DataInputStream.readInt()I @ 4
Event: 2.352 Thread 0x0000000002b14000 Uncommon trap: reason=class_check action=maybe_recompile pc=0x0000000002f3c708 method=java.io.DataInputStream.readInt()I @ 4
Event: 2.352 Thread 0x0000000002b14000 Uncommon trap: reason=class_check action=maybe_recompile pc=0x0000000002f3c708 method=java.io.DataInputStream.readInt()I @ 4
Event: 2.352 Thread 0x0000000002b14000 Uncommon trap: reason=class_check action=maybe_recompile pc=0x0000000002f3c708 method=java.io.DataInputStream.readInt()I @ 4

Internal exceptions (10 events):
Event: 0.038 Thread 0x0000000002b14000 Exception <a 'java/lang/NoSuchMethodError': Method sun.misc.Unsafe.defineClass(Ljava/lang/String;[BII)Ljava/lang/Class; name or signature does not match> (0x000000076b387cc0) thrown at [C:\re\workspace\8-2-build-windows-amd64-cygwin\jdk8u91\7017\hotspot\sr•XþØYw£?
Event: 0.038 Thread 0x0000000002b14000 Exception <a 'java/lang/NoSuchMethodError': Method sun.misc.Unsafe.prefetchRead(Ljava/lang/Object;J)V name or signature does not match> (0x000000076b387fa8) thrown at [C:\re\workspace\8-2-build-windows-amd64-cygwin\jdk8u91\7017\hotspot\src\share\vm\prims\jëœr“éTÎ?
Event: 0.237 Thread 0x0000000002b14000 Exception <a 'java/lang/NoSuchFieldError': method resolution failed> (0x000000076b888460) thrown at [C:\re\workspace\8-2-build-windows-amd64-cygwin\jdk8u91\7017\hotspot\src\share\vm\prims\methodHandles.cpp, line 1146]
Event: 0.239 Thread 0x0000000002b14000 Exception <a 'java/lang/NoSuchFieldError': method resolution failed> (0x000000076b8957e0) thrown at [C:\re\workspace\8-2-build-windows-amd64-cygwin\jdk8u91\7017\hotspot\src\share\vm\prims\methodHandles.cpp, line 1146]
Event: 0.267 Thread 0x0000000002b14000 Exception <a 'java/security/PrivilegedActionException'> (0x000000076b932158) thrown at [C:\re\workspace\8-2-build-windows-amd64-cygwin\jdk8u91\7017\hotspot\src\share\vm\prims\jvm.cpp, line 1386]
Event: 0.267 Thread 0x0000000002b14000 Exception <a 'java/security/PrivilegedActionException'> (0x000000076b932368) thrown at [C:\re\workspace\8-2-build-windows-amd64-cygwin\jdk8u91\7017\hotspot\src\share\vm\prims\jvm.cpp, line 1386]
Event: 0.268 Thread 0x0000000002b14000 Exception <a 'java/security/PrivilegedActionException'> (0x000000076b936398) thrown at [C:\re\workspace\8-2-build-windows-amd64-cygwin\jdk8u91\7017\hotspot\src\share\vm\prims\jvm.cpp, line 1386]
Event: 0.268 Thread 0x0000000002b14000 Exception <a 'java/security/PrivilegedActionException'> (0x000000076b9365a8) thrown at [C:\re\workspace\8-2-build-windows-amd64-cygwin\jdk8u91\7017\hotspot\src\share\vm\prims\jvm.cpp, line 1386]
Event: 0.285 Thread 0x0000000002b14000 Exception <a 'java/lang/NoClassDefFoundError': org/slf4j/impl/StaticLoggerBinder> (0x000000076b9af3b8) thrown at [C:\re\workspace\8-2-build-windows-amd64-cygwin\jdk8u91\7017\hotspot\src\share\vm\classfile\systemDictionary.cpp, line 199]
Event: 2.167 Thread 0x0000000002b14000 Implicit null exception at 0x0000000003077b06 to 0x0000000003078873

Events (10 events):
Event: 2.354 loading class java/math/RoundingMode
Event: 2.355 loading class java/math/RoundingMode done
Event: 2.355 loading class com/RLayer/Temp
Event: 2.355 loading class com/RLayer/Temp done
Event: 2.356 loading class org/rosuda/JRI/Rengine
Event: 2.356 loading class org/rosuda/JRI/Rengine done
Event: 2.357 loading class java/lang/ClassLoaderHelper
Event: 2.357 loading class java/lang/ClassLoaderHelper done
Event: 2.363 loading class org/rosuda/JRI/Mutex
Event: 2.363 loading class org/rosuda/JRI/Mutex done


Dynamic libraries:
0x00007ff6e7c50000 - 0x00007ff6e7c87000 	C:\Program Files\Java\jdk1.8.0_91\bin\java.exe
0x00007ffaf0ed0000 - 0x00007ffaf10a1000 	C:\WINDOWS\SYSTEM32\ntdll.dll
0x00007ffaeeec0000 - 0x00007ffaeef6b000 	C:\WINDOWS\System32\KERNEL32.DLL
0x00007ffaeddc0000 - 0x00007ffaedfdd000 	C:\WINDOWS\System32\KERNELBASE.dll
0x00007ffaf0820000 - 0x00007ffaf08c2000 	C:\WINDOWS\System32\ADVAPI32.dll
0x00007ffaeebb0000 - 0x00007ffaeec4e000 	C:\WINDOWS\System32\msvcrt.dll
0x00007ffaf0b30000 - 0x00007ffaf0b89000 	C:\WINDOWS\System32\sechost.dll
0x00007ffaf09a0000 - 0x00007ffaf0ac1000 	C:\WINDOWS\System32\RPCRT4.dll
0x00007ffaee460000 - 0x00007ffaee5c5000 	C:\WINDOWS\System32\USER32.dll
0x00007ffaedfe0000 - 0x00007ffaedffe000 	C:\WINDOWS\System32\win32u.dll
0x00007ffaeeb60000 - 0x00007ffaeeb94000 	C:\WINDOWS\System32\GDI32.dll
0x00007ffaee000000 - 0x00007ffaee182000 	C:\WINDOWS\System32\gdi32full.dll
0x00007ffae6d40000 - 0x00007ffae6fba000 	C:\WINDOWS\WinSxS\amd64_microsoft.windows.common-controls_6595b64144ccf1df_6.0.14393.953_none_42151e83c686086b\COMCTL32.dll
0x00007ffaeef70000 - 0x00007ffaef238000 	C:\WINDOWS\System32\combase.dll
0x00007ffaee190000 - 0x00007ffaee285000 	C:\WINDOWS\System32\ucrtbase.dll
0x00007ffaee3a0000 - 0x00007ffaee40a000 	C:\WINDOWS\System32\bcryptPrimitives.dll
0x00007ffaeee90000 - 0x00007ffaeeebe000 	C:\WINDOWS\System32\IMM32.DLL
0x0000000050e70000 - 0x0000000050f42000 	C:\Program Files\Java\jdk1.8.0_91\jre\bin\msvcr100.dll
0x0000000076d80000 - 0x0000000077613000 	C:\Program Files\Java\jdk1.8.0_91\jre\bin\server\jvm.dll
0x00007ffaeec50000 - 0x00007ffaeec58000 	C:\WINDOWS\System32\PSAPI.DLL
0x00007ffadc390000 - 0x00007ffadc399000 	C:\WINDOWS\SYSTEM32\WSOCK32.dll
0x00007ffaeb470000 - 0x00007ffaeb493000 	C:\WINDOWS\SYSTEM32\WINMM.dll
0x00007ffae1e40000 - 0x00007ffae1e4a000 	C:\WINDOWS\SYSTEM32\VERSION.dll
0x00007ffaeb410000 - 0x00007ffaeb43b000 	C:\WINDOWS\SYSTEM32\WINMMBASE.dll
0x00007ffaee410000 - 0x00007ffaee452000 	C:\WINDOWS\System32\cfgmgr32.dll
0x00007ffaf0930000 - 0x00007ffaf099a000 	C:\WINDOWS\System32\WS2_32.dll
0x0000000051450000 - 0x000000005145f000 	C:\Program Files\Java\jdk1.8.0_91\jre\bin\verify.dll
0x0000000051420000 - 0x0000000051449000 	C:\Program Files\Java\jdk1.8.0_91\jre\bin\java.dll
0x0000000051400000 - 0x0000000051416000 	C:\Program Files\Java\jdk1.8.0_91\jre\bin\zip.dll
0x00007ffaef2b0000 - 0x00007ffaf07b8000 	C:\WINDOWS\System32\SHELL32.dll
0x00007ffaed3c0000 - 0x00007ffaeda9a000 	C:\WINDOWS\System32\windows.storage.dll
0x00007ffaed360000 - 0x00007ffaed3ac000 	C:\WINDOWS\System32\powrprof.dll
0x00007ffaf07c0000 - 0x00007ffaf0812000 	C:\WINDOWS\System32\shlwapi.dll
0x00007ffaed3b0000 - 0x00007ffaed3bf000 	C:\WINDOWS\System32\kernel.appcore.dll
0x00007ffaedaa0000 - 0x00007ffaedb49000 	C:\WINDOWS\System32\shcore.dll
0x00007ffaed330000 - 0x00007ffaed344000 	C:\WINDOWS\System32\profapi.dll
0x00007ffae79d0000 - 0x00007ffae79e0000 	C:\Program Files (x86)\JetBrains\IntelliJ IDEA 2016.1.1\bin\breakgen64.dll
0x00000000513e0000 - 0x00000000513fa000 	C:\Program Files\Java\jdk1.8.0_91\jre\bin\net.dll
0x00007ffaecc00000 - 0x00007ffaecc5c000 	C:\WINDOWS\system32\mswsock.dll
0x00007ffaecda0000 - 0x00007ffaecdb7000 	C:\WINDOWS\SYSTEM32\CRYPTSP.dll
0x00007ffaec800000 - 0x00007ffaec833000 	C:\WINDOWS\system32\rsaenh.dll
0x00007ffaed270000 - 0x00007ffaed29b000 	C:\WINDOWS\SYSTEM32\bcrypt.dll
0x00007ffaeca80000 - 0x00007ffaeca9f000 	C:\WINDOWS\SYSTEM32\USERENV.dll
0x00007ffaecdc0000 - 0x00007ffaecdcb000 	C:\WINDOWS\SYSTEM32\CRYPTBASE.dll
0x00007ffaec980000 - 0x00007ffaec9b8000 	C:\WINDOWS\SYSTEM32\IPHLPAPI.DLL
0x00007ffaeeba0000 - 0x00007ffaeeba8000 	C:\WINDOWS\System32\NSI.dll
0x00007ffae7c50000 - 0x00007ffae7c66000 	C:\WINDOWS\SYSTEM32\dhcpcsvc6.DLL
0x00007ffae7c30000 - 0x00007ffae7c4a000 	C:\WINDOWS\SYSTEM32\dhcpcsvc.DLL
0x00000000513c0000 - 0x00000000513d1000 	C:\Program Files\Java\jdk1.8.0_91\jre\bin\nio.dll
0x0000000062d80000 - 0x0000000062d97000 	C:\Program Files\R\R-3.3.3\library\rJava\jri\x64\jri.dll
0x000000006c700000 - 0x000000006e584000 	C:\Program Files\R\R-3.3.3\bin\x64\R.dll
0x00000000641c0000 - 0x00000000641d6000 	C:\Program Files\R\R-3.3.3\bin\x64\Riconv.dll
0x0000000063540000 - 0x00000000635a1000 	C:\Program Files\R\R-3.3.3\bin\x64\Rgraphapp.dll
0x00007ffaf0d30000 - 0x00007ffaf0e2a000 	C:\WINDOWS\System32\comdlg32.dll
0x0000000064e80000 - 0x0000000064ed3000 	C:\Program Files\R\R-3.3.3\bin\x64\Rblas.dll
0x00007ffae7770000 - 0x00007ffae7777000 	C:\WINDOWS\SYSTEM32\MSIMG32.dll
0x00007ffae9430000 - 0x00007ffae95c2000 	C:\WINDOWS\SYSTEM32\dbghelp.dll

VM Arguments:
jvm_args: -Didea.launcher.port=7535 -Didea.launcher.bin.path=C:\Program Files (x86)\JetBrains\IntelliJ IDEA 2016.1.1\bin -Dfile.encoding=UTF-8 
java_command: com.intellij.rt.execution.application.AppMain com.JenaModel.LastModifiedJena
java_class_path (initial): C:\Program Files\Java\jdk1.8.0_91\jre\lib\charsets.jar;C:\Program Files\Java\jdk1.8.0_91\jre\lib\deploy.jar;C:\Program Files\Java\jdk1.8.0_91\jre\lib\ext\access-bridge-64.jar;C:\Program Files\Java\jdk1.8.0_91\jre\lib\ext\cldrdata.jar;C:\Program Files\Java\jdk1.8.0_91\jre\lib\ext\dnsns.jar;C:\Program Files\Java\jdk1.8.0_91\jre\lib\ext\jaccess.jar;C:\Program Files\Java\jdk1.8.0_91\jre\lib\ext\jfxrt.jar;C:\Program Files\Java\jdk1.8.0_91\jre\lib\ext\localedata.jar;C:\Program Files\Java\jdk1.8.0_91\jre\lib\ext\nashorn.jar;C:\Program Files\Java\jdk1.8.0_91\jre\lib\ext\sunec.jar;C:\Program Files\Java\jdk1.8.0_91\jre\lib\ext\sunjce_provider.jar;C:\Program Files\Java\jdk1.8.0_91\jre\lib\ext\sunmscapi.jar;C:\Program Files\Java\jdk1.8.0_91\jre\lib\ext\sunpkcs11.jar;C:\Program Files\Java\jdk1.8.0_91\jre\lib\ext\zipfs.jar;C:\Program Files\Java\jdk1.8.0_91\jre\lib\javaws.jar;C:\Program Files\Java\jdk1.8.0_91\jre\lib\jce.jar;C:\Program Files\Java\jdk1.8.0_91\jre\lib\jfr.jar;C:\Program Files\Java\jdk1.8.0_91\jre\lib\jfxswt.jar;C:\Program Files\Java\jdk1.8.0_91\jre\lib\jsse.jar;C:\Program Files\Java\jdk1.8.0_91\jre\lib\management-agent.jar;C:\Program Files\Java\jdk1.8.0_91\jre\lib\plugin.jar;C:\Program Files\Java\jdk1.8.0_91\jre\lib\resources.jar;C:\Program Files\Java\jdk1.8.0_91\jre\lib\rt.jar;V:\MS\Thesis\Thesis Work Experiments\OwnExtension\target\classes;C:\Users\marne\.m2\repository\org\apache\jena\jena-arq\3.2.0\jena-arq-3.2.0.jar;C:\Users\marne\.m2\repository\org\apache\jena\jena-shaded-guava\3.2.0\jena-shaded-guava-3.2.0.jar;C:\Users\marne\.m2\repository\org\apache\httpcomponents\httpclient\4.5.2\httpclient-4.5.2.jar;C:\Users\marne\.m2\repository\org\apache\httpcomponents\httpcore\4.4.4\httpcore-4.4.4.jar;C:\Users\marne\.m2\repository\commons-codec\commons-codec\1.9\commons-codec-1.9.jar;C:\Users\marne\.m2\repository\com\github\jsonld-java\jsonld-java\0.9.0\jsonld-java-0.9.0.jar;C:\Users\marne\.m2\repository\com\fasterxml\jackson\core\jackson-cor
Launcher Type: SUN_STANDARD

Environment Variables:
JAVA_HOME=C:\Program Files\Java\jre1.8.0_91
CLASSPATH=C:\Program Files\Java\jdk1.8.0_91\bin;C:\Program Files\Java\jre1.8.0_91\bin;.
USERNAME=marne
OS=Windows_NT
PROCESSOR_IDENTIFIER=Intel64 Family 6 Model 78 Stepping 3, GenuineIntel



---------------  S Y S T E M  ---------------

OS: Windows 10.0 , 64 bit Build 14393 (10.0.14393.0)

CPU:total 4 (2 cores per cpu, 2 threads per core) family 6 model 78 stepping 3, cmov, cx8, fxsr, mmx, sse, sse2, sse3, ssse3, sse4.1, sse4.2, popcnt, avx, avx2, aes, clmul, erms, 3dnowpref, lzcnt, ht, tsc, tscinvbit, bmi1, bmi2, adx

Memory: 4k page, physical 16668628k(9421496k free), swap 19158996k(9769876k free)

vm_info: Java HotSpot(TM) 64-Bit Server VM (25.91-b15) for windows-amd64 JRE (1.8.0_91-b15), built on May 20 2016 17:43:15 by "java_re" with MS VC++ 10.0 (VS2010)

time: Mon Apr 17 07:33:05 2017
elapsed time: 2 seconds (0d 0h 0m 2s)

